<?xml version="1.0" encoding="utf-8"?><testsuites name="pytest tests"><testsuite name="pytest" errors="0" failures="0" skipped="0" tests="6" time="3.941" timestamp="2026-06-15T16:19:36.291440+00:00" hostname="agent-env-82c935ff-0f4b-4219-af10-c34176825fc9"><testcase classname="backend.tests.test_iter7" name="test_list_imoveis_with_non_numeric_lado_returns_200" time="0.650" /><testcase classname="backend.tests.test_iter7" name="test_list_imoveis_sort_numeric_before_non_numeric" time="1.123" /><testcase classname="backend.tests.test_iter7" name="test_deleting_all_imoveis_of_new_qt_removes_qt_doc" time="0.828" /><testcase classname="backend.tests.test_iter7" name="test_baseline_qt_idempotency_create_delete_keeps_doc" time="0.507" /><testcase classname="backend.tests.test_iter7" name="test_regression_endpoints_still_200" time="0.649" /><testcase classname="backend.tests.test_iter7" name="test_no_orphan_quarteiroes_after_test_run" time="0.118" /></testsuite></testsuites>