<?xml version="1.0" encoding="utf-8"?><testsuites name="pytest tests"><testsuite name="pytest" errors="0" failures="0" skipped="0" tests="27" time="52.509" timestamp="2026-06-15T16:10:07.493337+00:00" hostname="agent-env-82c935ff-0f4b-4219-af10-c34176825fc9"><testcase classname="backend.tests.test_catalogo" name="test_localidade_returns_santa_cruz" time="0.158" /><testcase classname="backend.tests.test_catalogo" name="test_quarteiroes_returns_33_in_numeric_order" time="1.122" /><testcase classname="backend.tests.test_catalogo" name="test_imoveis_no_filter_returns_988" time="5.254" /><testcase classname="backend.tests.test_catalogo" name="test_imoveis_filter_by_quarteirao_1_returns_45" time="0.188" /><testcase classname="backend.tests.test_catalogo" name="test_imoveis_filter_by_quarteirao_and_lado" time="0.111" /><testcase classname="backend.tests.test_catalogo" name="test_imoveis_text_search_maria_case_insensitive" time="37.147" /><testcase classname="backend.tests.test_catalogo" name="test_imoveis_filter_unknown_quarteirao_returns_empty" time="0.099" /><testcase classname="backend.tests.test_catalogo" name="test_tipo_imovel_values_valid" time="0.374" /><testcase classname="backend.tests.test_catalogo" name="test_forms_endpoint_still_works_regression" time="0.109" /><testcase classname="backend.tests.test_catalogo" name="test_no_mongo_id_leak_in_catalog" time="0.358" /><testcase classname="backend.tests.test_d1_forms" name="test_list_forms_initial" time="0.099" /><testcase classname="backend.tests.test_d1_forms" name="test_full_crud_lifecycle" time="1.033" /><testcase classname="backend.tests.test_d1_forms" name="test_create_empty_payload_pads_to_20_visits" time="0.214" /><testcase classname="backend.tests.test_d1_forms" name="test_create_accepts_null_numerics_in_visit" time="0.219" /><testcase classname="backend.tests.test_iter6" name="test_create_imovel_returns_uuid_and_persists" time="0.415" /><testcase classname="backend.tests.test_iter6" name="test_update_imovel_changes_persist" time="0.425" /><testcase classname="backend.tests.test_iter6" name="test_update_imovel_404_when_not_found" time="0.104" /><testcase classname="backend.tests.test_iter6" name="test_delete_imovel_removes_and_404_after" time="0.368" /><testcase classname="backend.tests.test_iter6" name="test_imovel_crud_refreshes_quarteirao_totals" time="0.992" /><testcase classname="backend.tests.test_iter6" name="test_weekly_stats_shape_basic" time="0.113" /><testcase classname="backend.tests.test_iter6" name="test_weekly_stats_with_two_dates" time="0.660" /><testcase classname="backend.tests.test_iter6" name="test_regression_endpoints_still_200" time="0.545" /><testcase classname="backend.tests.test_visited" name="test_visited_endpoint_shape_no_data" time="0.206" /><testcase classname="backend.tests.test_visited" name="test_visited_includes_new_form_visits" time="0.624" /><testcase classname="backend.tests.test_visited" name="test_visited_ignores_empty_visits" time="0.540" /><testcase classname="backend.tests.test_visited" name="test_visited_lowercases_logradouro_and_numero" time="0.416" /><testcase classname="backend.tests.test_visited" name="test_visited_only_numero_no_logradouro" time="0.517" /></testsuite></testsuites>