<?xml version="1.0" encoding="utf-8"?><testsuites name="pytest tests"><testsuite name="pytest" errors="0" failures="0" skipped="0" tests="4" time="2.056" timestamp="2026-06-15T14:14:24.142666+00:00" hostname="agent-env-82c935ff-0f4b-4219-af10-c34176825fc9"><testcase classname="backend.tests.test_d1_forms" name="test_list_forms_initial" time="0.166" /><testcase classname="backend.tests.test_d1_forms" name="test_full_crud_lifecycle" time="1.193" /><testcase classname="backend.tests.test_d1_forms" name="test_create_empty_payload_pads_to_20_visits" time="0.222" /><testcase classname="backend.tests.test_d1_forms" name="test_create_accepts_null_numerics_in_visit" time="0.237" /></testsuite></testsuites>