<?xml version="1.0" encoding="utf-8"?><testsuites name="pytest tests"><testsuite name="pytest" errors="0" failures="0" skipped="0" tests="8" time="3.749" timestamp="2026-06-15T16:09:11.259626+00:00" hostname="agent-env-82c935ff-0f4b-4219-af10-c34176825fc9"><testcase classname="backend.tests.test_iter6" name="test_create_imovel_returns_uuid_and_persists" time="0.609" /><testcase classname="backend.tests.test_iter6" name="test_update_imovel_changes_persist" time="0.437" /><testcase classname="backend.tests.test_iter6" name="test_update_imovel_404_when_not_found" time="0.149" /><testcase classname="backend.tests.test_iter6" name="test_delete_imovel_removes_and_404_after" time="0.319" /><testcase classname="backend.tests.test_iter6" name="test_imovel_crud_refreshes_quarteirao_totals" time="0.959" /><testcase classname="backend.tests.test_iter6" name="test_weekly_stats_shape_basic" time="0.120" /><testcase classname="backend.tests.test_iter6" name="test_weekly_stats_with_two_dates" time="0.623" /><testcase classname="backend.tests.test_iter6" name="test_regression_endpoints_still_200" time="0.452" /></testsuite></testsuites>